-------------------------------------------------------------------------------
Test set: cucumber.TestNGRunner
-------------------------------------------------------------------------------
Tests run: 1, Failures: 1, Errors: 0, Skipped: 0, Time elapsed: 18.72 s <<< FAILURE! -- in cucumber.TestNGRunner
cucumber.TestNGRunner.runScenario["Positive scenario of submitting the order", "Purchase the Order from ECommerce website"](1) -- Time elapsed: 17.12 s <<< FAILURE!
org.openqa.selenium.TimeoutException: 
Expected condition failed: waiting for visibility of element located by By.cssSelector: .mb-3 (tried for 5 second(s) with 500 milliseconds interval)
Build info: version: '4.15.0', revision: '1d14b5521b'
System info: os.name: 'Windows 11', os.arch: 'amd64', os.version: '10.0', java.version: '18.0.2.1'
Driver info: org.openqa.selenium.chrome.ChromeDriver
Capabilities {acceptInsecureCerts: false, browserName: chrome, browserVersion: 123.0.6312.106, chrome: {chromedriverVersion: 123.0.6312.105 (399174dbe6e..., userDataDir: C:\Users\SUPRAT~1\AppData\L...}, fedcm:accounts: true, goog:chromeOptions: {debuggerAddress: localhost:49610}, networkConnectionEnabled: false, pageLoadStrategy: normal, platformName: windows, proxy: Proxy(), se:cdp: ws://localhost:49610/devtoo..., se:cdpVersion: 123.0.6312.106, setWindowRect: true, strictFileInteractability: false, timeouts: {implicit: 0, pageLoad: 300000, script: 30000}, unhandledPromptBehavior: dismiss and notify, webauthn:extension:credBlob: true, webauthn:extension:largeBlob: true, webauthn:extension:minPinLength: true, webauthn:extension:prf: true, webauthn:virtualAuthenticators: true}
Session ID: 7925ccbf1124c0948ba72a8581725cbf
	at org.openqa.selenium.support.ui.WebDriverWait.timeoutException(WebDriverWait.java:84)
	at org.openqa.selenium.support.ui.FluentWait.until(FluentWait.java:229)
	at rahulshettyacademy.AbstractComponents.AbstractComponent.waitForElementToAppear(AbstractComponent.java:35)
	at rahulshettyacademy.pageobjects.ProductCatalog.getProductList(ProductCatalog.java:37)
	at rahulshettyacademy.pageobjects.ProductCatalog.getProductByName(ProductCatalog.java:44)
	at rahulshettyacademy.pageobjects.ProductCatalog.addProdToCart(ProductCatalog.java:51)
	at rahulshettyacademy.stepDefinitions.StepDefinitionImpl.i_add_product_to_cart(StepDefinitionImpl.java:39)
	at âœ½.I add ZARA COAT 3 in Cart(file:///C:/Users/SUPRATIK%20PYNE/Selenium_Workspace/SeleniumFrameworkDesign/src/test/java/cucumber/SubmitOrder.feature:13)

